<?xml version="1.0" encoding="UTF-8"?>
<testsuite name="org.restcomm.perfcorder.PerfCorderAnalyzerTest" time="1" errors="0" failures="1" skips="0" tests="2">
    <testsuite>
        <testcase classname="org.restcomm.perfcorder.PerfCorderAnalyzerTest" name="CPUMedian">
            <failure message="CPUMedian lessThan violated.">1.78</failure>
        </testcase>
        <testcase classname="org.restcomm.perfcorder.PerfCorderAnalyzerTest" name="MemMin"/>
    </testsuite>
</testsuite>