<testsuite>
    <testcase classname="org.restcomm.perfcorder.PerfCorderAnalyzerTest" name="CPUMedian" time="8.48">
        <system-out>&lt;measurement&gt;&lt;name&gt;CPUMedian&lt;/name&gt;&lt;value&gt;8.48&lt;/value&gt;&lt;/measurement&gt;</system-out>
    </testcase>
    <testcase classname="org.restcomm.perfcorder.PerfCorderAnalyzerTest" name="MemMin" time="1002.0">
        <failure message="MemMin lessThan 500 violated.">1002.0</failure>
        <system-out>&lt;measurement&gt;&lt;name&gt;MemMin&lt;/name&gt;&lt;value&gt;1002.0&lt;/value&gt;&lt;/measurement&gt;</system-out>
    </testcase>
    <testcase classname="org.restcomm.perfcorder.PerfCorderAnalyzerTest" name="GcMemAfterMin" time="407.0">
        <system-out>&lt;measurement&gt;&lt;name&gt;GcMemAfterMin&lt;/name&gt;&lt;value&gt;407.0&lt;/value&gt;&lt;/measurement&gt;</system-out>
    </testcase>
    <testcase classname="org.restcomm.perfcorder.PerfCorderAnalyzerTest" name="GcPauseDurationMedian" time="3606.5">
        <failure message="GcPauseDurationMedian lessThan 500 violated.">3606.5</failure>
        <system-out>&lt;measurement&gt;&lt;name&gt;GcPauseDurationMedian&lt;/name&gt;&lt;value&gt;3606.5&lt;/value&gt;&lt;/measurement&gt;</system-out>
    </testcase>
    <testcase classname="org.restcomm.perfcorder.PerfCorderAnalyzerTest" name="SIPTotalCallCreatedSum" time="1.70348873E8">
        <system-out>&lt;measurement&gt;&lt;name&gt;SIPTotalCallCreatedSum&lt;/name&gt;&lt;value&gt;1.70348873E8&lt;/value&gt;&lt;/measurement&gt;</system-out>
    </testcase>
    <testcase classname="org.restcomm.perfcorder.PerfCorderAnalyzerTest" name="SIPFailedCallsSum" time="956.0">
        <failure message="SIPFailedCallsSum lessThan 10 violated.">956.0</failure>
        <system-out>&lt;measurement&gt;&lt;name&gt;SIPFailedCallsSum&lt;/name&gt;&lt;value&gt;956.0&lt;/value&gt;&lt;/measurement&gt;</system-out>
    </testcase>
    <testcase classname="org.restcomm.perfcorder.PerfCorderAnalyzerTest" name="SIPRetransmissionsSum" time="0.0">
        <system-out>&lt;measurement&gt;&lt;name&gt;SIPRetransmissionsSum&lt;/name&gt;&lt;value&gt;0.0&lt;/value&gt;&lt;/measurement&gt;</system-out>
    </testcase>
</testsuite>