<testsuite>
    <testcase classname="org.restcomm.perfcorder.PerfCorderAnalyzerTest" name="CPUMedian">
        <failure message="CPUMedian lessThan violated.">1.78</failure>
    </testcase>
    <testcase classname="org.restcomm.perfcorder.PerfCorderAnalyzerTest" name="MemMin"/>
</testsuite>